d:\c++开源项目\flamingo\flamingoclient\source\debug\flamingo.pch
d:\c++开源项目\flamingo\flamingoclient\source\debug\vc140.pdb
d:\c++开源项目\flamingo\flamingoclient\source\debug\vc140.idb
d:\c++开源项目\flamingo\flamingoclient\source\debug\stdafx.obj
d:\c++开源项目\flamingo\flamingoclient\source\debug\splitterctrl.obj
d:\c++开源项目\flamingo\flamingoclient\source\debug\startup.obj
d:\c++开源项目\flamingo\flamingoclient\source\debug\systemsettingdlg.obj
d:\c++开源项目\flamingo\flamingoclient\source\debug\teamdlg.obj
d:\c++开源项目\flamingo\flamingoclient\source\debug\thread.obj
d:\c++开源项目\flamingo\flamingoclient\source\debug\threadpool.obj
d:\c++开源项目\flamingo\flamingoclient\source\debug\time.obj
d:\c++开源项目\flamingo\flamingoclient\source\debug\trayicon.obj
d:\c++开源项目\flamingo\flamingoclient\source\debug\updatedlg.obj
d:\c++开源项目\flamingo\flamingoclient\source\debug\updater.obj
d:\c++开源项目\flamingo\flamingoclient\source\debug\userconfig.obj
d:\c++开源项目\flamingo\flamingoclient\source\debug\usersessiondata.obj
d:\c++开源项目\flamingo\flamingoclient\source\debug\usersnapinfodlg.obj
d:\c++开源项目\flamingo\flamingoclient\source\debug\flamingoclient.obj
d:\c++开源项目\flamingo\flamingoclient\source\debug\usermgr.obj
d:\c++开源项目\flamingo\flamingoclient\source\debug\utils.obj
d:\c++开源项目\flamingo\flamingoclient\source\debug\xmldocument.obj
d:\c++开源项目\flamingo\flamingoclient\source\debug\recentlistctrl.obj
d:\c++开源项目\flamingo\flamingoclient\source\debug\recvmsgthread.obj
d:\c++开源项目\flamingo\flamingoclient\source\debug\registerdialog.obj
d:\c++开源项目\flamingo\flamingoclient\source\debug\remotedesktopdlg.obj
d:\c++开源项目\flamingo\flamingoclient\source\debug\richeditutil.obj
d:\c++开源项目\flamingo\flamingoclient\source\debug\sendmsgthread.obj
d:\c++开源项目\flamingo\flamingoclient\source\debug\sesschatdlg.obj
d:\c++开源项目\flamingo\flamingoclient\source\debug\loginaccountlist.obj
d:\c++开源项目\flamingo\flamingoclient\source\debug\logindlg.obj
d:\c++开源项目\flamingo\flamingoclient\source\debug\loginsettingsdlg.obj
d:\c++开源项目\flamingo\flamingoclient\source\debug\logonuserinfodlg.obj
d:\c++开源项目\flamingo\flamingoclient\source\debug\maindlg.obj
d:\c++开源项目\flamingo\flamingoclient\source\debug\md5.obj
d:\c++开源项目\flamingo\flamingoclient\source\debug\md5sum.obj
d:\c++开源项目\flamingo\flamingoclient\source\debug\messagelogger.obj
d:\c++开源项目\flamingo\flamingoclient\source\debug\minubuffer.obj
d:\c++开源项目\flamingo\flamingoclient\source\debug\mobilestatusdlg.obj
d:\c++开源项目\flamingo\flamingoclient\source\debug\modifymarknamedlg.obj
d:\c++开源项目\flamingo\flamingoclient\source\debug\modifypassworddlg.obj
d:\c++开源项目\flamingo\flamingoclient\source\debug\msgtipdlg.obj
d:\c++开源项目\flamingo\flamingoclient\source\debug\multichatdlg.obj
d:\c++开源项目\flamingo\flamingoclient\source\debug\multichatmemberselectiondlg.obj
d:\c++开源项目\flamingo\flamingoclient\source\debug\path.obj
d:\c++开源项目\flamingo\flamingoclient\source\debug\picbardlg.obj
d:\c++开源项目\flamingo\flamingoclient\source\debug\facelist.obj
d:\c++开源项目\flamingo\flamingoclient\source\debug\faceseldlg.obj
d:\c++开源项目\flamingo\flamingoclient\source\debug\file.obj
d:\c++开源项目\flamingo\flamingoclient\source\debug\file2.obj
d:\c++开源项目\flamingo\flamingoclient\source\debug\filetaskthread.obj
d:\c++开源项目\flamingo\flamingoclient\source\debug\filetransferctrl.obj
d:\c++开源项目\flamingo\flamingoclient\source\debug\findfrienddlg.obj
d:\c++开源项目\flamingo\flamingoclient\source\debug\fontseldlg.obj
d:\c++开源项目\flamingo\flamingoclient\source\debug\gdifactory.obj
d:\c++开源项目\flamingo\flamingoclient\source\debug\gifimage.obj
d:\c++开源项目\flamingo\flamingoclient\source\debug\groupchatdlg.obj
d:\c++开源项目\flamingo\flamingoclient\source\debug\groupinfodlg.obj
d:\c++开源项目\flamingo\flamingoclient\source\debug\heartbeattask.obj
d:\c++开源项目\flamingo\flamingoclient\source\debug\imageex.obj
d:\c++开源项目\flamingo\flamingoclient\source\debug\imagetaskthread.obj
d:\c++开源项目\flamingo\flamingoclient\source\debug\inifile.obj
d:\c++开源项目\flamingo\flamingoclient\source\debug\iulog.obj
d:\c++开源项目\flamingo\flamingoclient\source\debug\aboutdlg.obj
d:\c++开源项目\flamingo\flamingoclient\source\debug\addfriendconfirmdlg.obj
d:\c++开源项目\flamingo\flamingoclient\source\debug\buddychatdlg.obj
d:\c++开源项目\flamingo\flamingoclient\source\debug\buddyinfodlg.obj
d:\c++开源项目\flamingo\flamingoclient\source\debug\buddyinfofloatwnd.obj
d:\c++开源项目\flamingo\flamingoclient\source\debug\buddylistctrl.obj
d:\c++开源项目\flamingo\flamingoclient\source\debug\buffer.obj
d:\c++开源项目\flamingo\flamingoclient\source\debug\cascadewinmanager.obj
d:\c++开源项目\flamingo\flamingoclient\source\debug\changepicheaddlg.obj
d:\c++开源项目\flamingo\flamingoclient\source\debug\chatdlgcommon.obj
d:\c++开源项目\flamingo\flamingoclient\source\debug\chattabmgr.obj
d:\c++开源项目\flamingo\flamingoclient\source\debug\checknetworkstatustask.obj
d:\c++开源项目\flamingo\flamingoclient\source\debug\closepromptdlg.obj
d:\c++开源项目\flamingo\flamingoclient\source\debug\crash.obj
d:\c++开源项目\flamingo\flamingoclient\source\debug\createnewgroupdlg.obj
d:\c++开源项目\flamingo\flamingoclient\source\debug\criticalsection.obj
d:\c++开源项目\flamingo\flamingoclient\source\debug\encodingutil.obj
d:\c++开源项目\flamingo\flamingoclient\source\debug\facectrl.obj
d:\c++开源项目\flamingo\flamingoclient\source\debug\iusocket.obj
d:\c++开源项目\flamingo\flamingoclient\source\debug\skinmanager.obj
d:\c++开源项目\flamingo\flamingoclient\source\debug\skinmenu.obj
d:\c++开源项目\flamingo\flamingoclient\source\debug\skinmessagebox.obj
d:\c++开源项目\flamingo\flamingoclient\source\debug\skinpicturebox.obj
d:\c++开源项目\flamingo\flamingoclient\source\debug\skinrichedit.obj
d:\c++开源项目\flamingo\flamingoclient\source\debug\skinscrollbar.obj
d:\c++开源项目\flamingo\flamingoclient\source\debug\skinstatic.obj
d:\c++开源项目\flamingo\flamingoclient\source\debug\skintabctrl.obj
d:\c++开源项目\flamingo\flamingoclient\source\debug\skintoolbar.obj
d:\c++开源项目\flamingo\flamingoclient\source\debug\skinwebbrowser.obj
d:\c++开源项目\flamingo\flamingoclient\source\debug\json_reader.obj
d:\c++开源项目\flamingo\flamingoclient\source\debug\json_value.obj
d:\c++开源项目\flamingo\flamingoclient\source\debug\json_writer.obj
d:\c++开源项目\flamingo\flamingoclient\source\debug\iuprotocoldata.obj
d:\c++开源项目\flamingo\flamingoclient\source\debug\protocolstream.obj
d:\c++开源项目\flamingo\flamingoclient\source\debug\skinbutton.obj
d:\c++开源项目\flamingo\flamingoclient\source\debug\skincombobox.obj
d:\c++开源项目\flamingo\flamingoclient\source\debug\skindialog.obj
d:\c++开源项目\flamingo\flamingoclient\source\debug\skinedit.obj
d:\c++开源项目\flamingo\flamingoclient\source\debug\skinhyperlink.obj
d:\c++开源项目\flamingo\flamingoclient\source\debug\skinlistctrl.obj
d:\c++开源项目\flamingo\flamingoclient\bin\flamingo.ilk
d:\c++开源项目\flamingo\flamingoclient\bin\flamingo.exe
d:\c++开源项目\flamingo\flamingoclient\bin\flamingo.pdb
d:\c++开源项目\flamingo\flamingoclient\source\debug\flamingo.res
d:\c++开源项目\flamingo\flamingoclient\source\debug\msxml3.tli
d:\c++开源项目\flamingo\flamingoclient\source\debug\msxml3.tlh
d:\c++开源项目\flamingo\flamingoclient\source\..\bin\flamingo.exe
d:\c++开源项目\flamingo\flamingoclient\source\debug\flamingo.tlog\cl.command.1.tlog
d:\c++开源项目\flamingo\flamingoclient\source\debug\flamingo.tlog\cl.read.1.tlog
d:\c++开源项目\flamingo\flamingoclient\source\debug\flamingo.tlog\cl.write.1.tlog
d:\c++开源项目\flamingo\flamingoclient\source\debug\flamingo.tlog\link.command.1.tlog
d:\c++开源项目\flamingo\flamingoclient\source\debug\flamingo.tlog\link.read.1.tlog
d:\c++开源项目\flamingo\flamingoclient\source\debug\flamingo.tlog\link.write.1.tlog
d:\c++开源项目\flamingo\flamingoclient\source\debug\flamingo.tlog\rc.command.1.tlog
d:\c++开源项目\flamingo\flamingoclient\source\debug\flamingo.tlog\rc.read.1.tlog
d:\c++开源项目\flamingo\flamingoclient\source\debug\flamingo.tlog\rc.write.1.tlog
